[08-Aug-2025 08:47:14 Europe/Berlin] PHP Notice:  session_start(): Ignoring session_start() because a session is already active in F:\localrunner\htdocs\bagit\api\get_user_info.php on line 5
[08-Aug-2025 08:47:15 Europe/Berlin] PHP Notice:  session_start(): Ignoring session_start() because a session is already active in F:\localrunner\htdocs\bagit\api\get_user_info.php on line 5
[08-Aug-2025 08:47:17 Europe/Berlin] PHP Notice:  session_start(): Ignoring session_start() because a session is already active in F:\localrunner\htdocs\bagit\api\get_my_deals.php on line 6
[08-Aug-2025 08:47:17 Europe/Berlin] PHP Notice:  session_start(): Ignoring session_start() because a session is already active in F:\localrunner\htdocs\bagit\api\get_user_info.php on line 5
[08-Aug-2025 09:11:35 Europe/Berlin] PHP Notice:  session_start(): Ignoring session_start() because a session is already active in F:\localrunner\htdocs\bagit\api\get_user_info.php on line 5
[08-Aug-2025 09:11:37 Europe/Berlin] PHP Notice:  session_start(): Ignoring session_start() because a session is already active in F:\localrunner\htdocs\bagit\api\get_my_deals.php on line 6
[08-Aug-2025 09:11:37 Europe/Berlin] PHP Notice:  session_start(): Ignoring session_start() because a session is already active in F:\localrunner\htdocs\bagit\api\get_user_info.php on line 5
[08-Aug-2025 09:17:16 Europe/Berlin] PHP Notice:  session_start(): Ignoring session_start() because a session is already active in F:\localrunner\htdocs\bagit\api\get_user_info.php on line 5
[08-Aug-2025 09:17:17 Europe/Berlin] PHP Notice:  session_start(): Ignoring session_start() because a session is already active in F:\localrunner\htdocs\bagit\api\get_user_info.php on line 5
[08-Aug-2025 09:17:18 Europe/Berlin] PHP Notice:  session_start(): Ignoring session_start() because a session is already active in F:\localrunner\htdocs\bagit\api\get_user_info.php on line 5
[08-Aug-2025 09:18:24 Europe/Berlin] PHP Notice:  session_start(): Ignoring session_start() because a session is already active in F:\localrunner\htdocs\bagit\api\get_user_info.php on line 5
[08-Aug-2025 09:18:26 Europe/Berlin] PHP Notice:  session_start(): Ignoring session_start() because a session is already active in F:\localrunner\htdocs\bagit\api\get_my_deals.php on line 6
[08-Aug-2025 09:18:26 Europe/Berlin] PHP Notice:  session_start(): Ignoring session_start() because a session is already active in F:\localrunner\htdocs\bagit\api\get_user_info.php on line 5
[08-Aug-2025 09:18:29 Europe/Berlin] PHP Notice:  session_start(): Ignoring session_start() because a session is already active in F:\localrunner\htdocs\bagit\api\get_user_info.php on line 5
[08-Aug-2025 09:18:34 Europe/Berlin] PHP Notice:  session_start(): Ignoring session_start() because a session is already active in F:\localrunner\htdocs\bagit\api\get_user_info.php on line 5
[08-Aug-2025 09:18:36 Europe/Berlin] PHP Notice:  session_start(): Ignoring session_start() because a session is already active in F:\localrunner\htdocs\bagit\api\get_user_info.php on line 5
[08-Aug-2025 09:18:37 Europe/Berlin] PHP Notice:  session_start(): Ignoring session_start() because a session is already active in F:\localrunner\htdocs\bagit\api\get_user_info.php on line 5
[08-Aug-2025 09:18:38 Europe/Berlin] PHP Notice:  session_start(): Ignoring session_start() because a session is already active in F:\localrunner\htdocs\bagit\api\get_user_info.php on line 5
[08-Aug-2025 09:18:39 Europe/Berlin] PHP Notice:  session_start(): Ignoring session_start() because a session is already active in F:\localrunner\htdocs\bagit\api\get_user_info.php on line 5
[08-Aug-2025 09:18:42 Europe/Berlin] PHP Notice:  session_start(): Ignoring session_start() because a session is already active in F:\localrunner\htdocs\bagit\api\get_user_info.php on line 5
[08-Aug-2025 17:36:27 Europe/Berlin] PHP Notice:  session_start(): Ignoring session_start() because a session is already active in F:\localrunner\htdocs\bagit\api\get_user_info.php on line 5
[08-Aug-2025 17:39:05 Europe/Berlin] PHP Notice:  session_start(): Ignoring session_start() because a session is already active in F:\localrunner\htdocs\bagit\api\get_my_deals.php on line 6
[08-Aug-2025 17:39:05 Europe/Berlin] PHP Notice:  session_start(): Ignoring session_start() because a session is already active in F:\localrunner\htdocs\bagit\api\get_user_info.php on line 5
[08-Aug-2025 17:39:13 Europe/Berlin] PHP Notice:  session_start(): Ignoring session_start() because a session is already active in F:\localrunner\htdocs\bagit\api\get_user_info.php on line 5
[08-Aug-2025 17:40:44 Europe/Berlin] PHP Notice:  session_start(): Ignoring session_start() because a session is already active in F:\localrunner\htdocs\bagit\api\get_user_info.php on line 5
[08-Aug-2025 17:41:34 Europe/Berlin] PHP Notice:  session_start(): Ignoring session_start() because a session is already active in F:\localrunner\htdocs\bagit\api\get_user_info.php on line 5
[08-Aug-2025 17:44:30 Europe/Berlin] PHP Notice:  session_start(): Ignoring session_start() because a session is already active in F:\localrunner\htdocs\bagit\api\get_user_info.php on line 5
[08-Aug-2025 17:50:09 Europe/Berlin] PHP Notice:  session_start(): Ignoring session_start() because a session is already active in F:\localrunner\htdocs\bagit\api\get_user_info.php on line 5
[08-Aug-2025 17:50:10 Europe/Berlin] PHP Notice:  session_start(): Ignoring session_start() because a session is already active in F:\localrunner\htdocs\bagit\api\get_user_info.php on line 5
[08-Aug-2025 17:53:49 Europe/Berlin] PHP Notice:  session_start(): Ignoring session_start() because a session is already active in F:\localrunner\htdocs\bagit\api\get_user_info.php on line 5
[08-Aug-2025 17:55:25 Europe/Berlin] PHP Notice:  session_start(): Ignoring session_start() because a session is already active in F:\localrunner\htdocs\bagit\api\get_user_info.php on line 5
[08-Aug-2025 17:55:26 Europe/Berlin] PHP Notice:  session_start(): Ignoring session_start() because a session is already active in F:\localrunner\htdocs\bagit\api\get_user_info.php on line 5
[08-Aug-2025 17:55:26 Europe/Berlin] PHP Notice:  session_start(): Ignoring session_start() because a session is already active in F:\localrunner\htdocs\bagit\api\get_user_info.php on line 5
[08-Aug-2025 17:55:27 Europe/Berlin] PHP Notice:  session_start(): Ignoring session_start() because a session is already active in F:\localrunner\htdocs\bagit\api\get_user_info.php on line 5
[08-Aug-2025 17:55:27 Europe/Berlin] PHP Notice:  session_start(): Ignoring session_start() because a session is already active in F:\localrunner\htdocs\bagit\api\get_user_info.php on line 5
[08-Aug-2025 18:00:48 Europe/Berlin] PHP Notice:  session_start(): Ignoring session_start() because a session is already active in F:\localrunner\htdocs\bagit\api\get_user_info.php on line 5
[08-Aug-2025 18:04:37 Europe/Berlin] PHP Notice:  session_start(): Ignoring session_start() because a session is already active in F:\localrunner\htdocs\bagit\api\get_user_info.php on line 5
[08-Aug-2025 18:04:38 Europe/Berlin] PHP Notice:  session_start(): Ignoring session_start() because a session is already active in F:\localrunner\htdocs\bagit\api\get_user_info.php on line 5
[08-Aug-2025 18:04:39 Europe/Berlin] PHP Notice:  session_start(): Ignoring session_start() because a session is already active in F:\localrunner\htdocs\bagit\api\get_user_info.php on line 5
[08-Aug-2025 18:04:42 Europe/Berlin] PHP Notice:  session_start(): Ignoring session_start() because a session is already active in F:\localrunner\htdocs\bagit\api\get_user_info.php on line 5
[08-Aug-2025 18:04:42 Europe/Berlin] PHP Notice:  session_start(): Ignoring session_start() because a session is already active in F:\localrunner\htdocs\bagit\api\get_user_info.php on line 5
[08-Aug-2025 18:04:44 Europe/Berlin] PHP Notice:  session_start(): Ignoring session_start() because a session is already active in F:\localrunner\htdocs\bagit\api\get_user_info.php on line 5
[08-Aug-2025 18:04:44 Europe/Berlin] PHP Notice:  session_start(): Ignoring session_start() because a session is already active in F:\localrunner\htdocs\bagit\api\get_user_info.php on line 5
[08-Aug-2025 18:04:44 Europe/Berlin] PHP Notice:  session_start(): Ignoring session_start() because a session is already active in F:\localrunner\htdocs\bagit\api\get_user_info.php on line 5
[08-Aug-2025 18:04:58 Europe/Berlin] PHP Notice:  session_start(): Ignoring session_start() because a session is already active in F:\localrunner\htdocs\bagit\api\get_user_info.php on line 5
[08-Aug-2025 18:04:59 Europe/Berlin] PHP Notice:  session_start(): Ignoring session_start() because a session is already active in F:\localrunner\htdocs\bagit\api\get_user_info.php on line 5
[08-Aug-2025 18:04:59 Europe/Berlin] PHP Notice:  session_start(): Ignoring session_start() because a session is already active in F:\localrunner\htdocs\bagit\api\get_user_info.php on line 5
[08-Aug-2025 18:04:59 Europe/Berlin] PHP Notice:  session_start(): Ignoring session_start() because a session is already active in F:\localrunner\htdocs\bagit\api\get_user_info.php on line 5
[08-Aug-2025 18:05:00 Europe/Berlin] PHP Notice:  session_start(): Ignoring session_start() because a session is already active in F:\localrunner\htdocs\bagit\api\get_user_info.php on line 5
[08-Aug-2025 18:05:00 Europe/Berlin] PHP Notice:  session_start(): Ignoring session_start() because a session is already active in F:\localrunner\htdocs\bagit\api\get_user_info.php on line 5
[08-Aug-2025 18:05:00 Europe/Berlin] PHP Notice:  session_start(): Ignoring session_start() because a session is already active in F:\localrunner\htdocs\bagit\api\get_user_info.php on line 5
[08-Aug-2025 18:05:01 Europe/Berlin] PHP Notice:  session_start(): Ignoring session_start() because a session is already active in F:\localrunner\htdocs\bagit\api\get_user_info.php on line 5
[08-Aug-2025 18:05:01 Europe/Berlin] PHP Notice:  session_start(): Ignoring session_start() because a session is already active in F:\localrunner\htdocs\bagit\api\get_user_info.php on line 5
[08-Aug-2025 18:05:01 Europe/Berlin] PHP Notice:  session_start(): Ignoring session_start() because a session is already active in F:\localrunner\htdocs\bagit\api\get_user_info.php on line 5
[08-Aug-2025 18:05:01 Europe/Berlin] PHP Notice:  session_start(): Ignoring session_start() because a session is already active in F:\localrunner\htdocs\bagit\api\get_user_info.php on line 5
[08-Aug-2025 18:05:02 Europe/Berlin] PHP Notice:  session_start(): Ignoring session_start() because a session is already active in F:\localrunner\htdocs\bagit\api\get_user_info.php on line 5
[08-Aug-2025 18:18:49 Europe/Berlin] PHP Notice:  session_start(): Ignoring session_start() because a session is already active in F:\localrunner\htdocs\bagit\api\get_user_info.php on line 5
[08-Aug-2025 19:48:15 Europe/Berlin] PHP Notice:  session_start(): Ignoring session_start() because a session is already active in F:\localrunner\htdocs\bagit\api\get_my_deals.php on line 6
[08-Aug-2025 19:49:41 Europe/Berlin] PHP Notice:  session_start(): Ignoring session_start() because a session is already active in F:\localrunner\htdocs\bagit\api\get_my_deals.php on line 6
[08-Aug-2025 19:51:59 Europe/Berlin] PHP Notice:  session_start(): Ignoring session_start() because a session is already active in F:\localrunner\htdocs\bagit\api\get_business_profile.php on line 11
[08-Aug-2025 19:51:59 Europe/Berlin] PHP Fatal error:  Uncaught PDOException: SQLSTATE[42S22]: Column not found: 1054 Unknown column 'business_logo' in 'field list' in F:\localrunner\htdocs\bagit\api\get_business_profile.php:25
Stack trace:
#0 F:\localrunner\htdocs\bagit\api\get_business_profile.php(25): PDO->prepare('SELECT id, user...')
#1 {main}
  thrown in F:\localrunner\htdocs\bagit\api\get_business_profile.php on line 25
[08-Aug-2025 19:52:09 Europe/Berlin] PHP Notice:  session_start(): Ignoring session_start() because a session is already active in F:\localrunner\htdocs\bagit\api\get_business_profile.php on line 11
[08-Aug-2025 19:52:09 Europe/Berlin] PHP Fatal error:  Uncaught PDOException: SQLSTATE[42S22]: Column not found: 1054 Unknown column 'business_logo' in 'field list' in F:\localrunner\htdocs\bagit\api\get_business_profile.php:25
Stack trace:
#0 F:\localrunner\htdocs\bagit\api\get_business_profile.php(25): PDO->prepare('SELECT id, user...')
#1 {main}
  thrown in F:\localrunner\htdocs\bagit\api\get_business_profile.php on line 25
[08-Aug-2025 19:54:52 Europe/Berlin] PHP Notice:  session_start(): Ignoring session_start() because a session is already active in F:\localrunner\htdocs\bagit\api\get_my_deals.php on line 6
[08-Aug-2025 19:54:55 Europe/Berlin] PHP Notice:  session_start(): Ignoring session_start() because a session is already active in F:\localrunner\htdocs\bagit\api\get_my_deals.php on line 6
[08-Aug-2025 19:55:20 Europe/Berlin] PHP Notice:  session_start(): Ignoring session_start() because a session is already active in F:\localrunner\htdocs\bagit\api\get_business_profile.php on line 11
[08-Aug-2025 19:55:20 Europe/Berlin] PHP Fatal error:  Uncaught PDOException: SQLSTATE[42S22]: Column not found: 1054 Unknown column 'business_logo' in 'field list' in F:\localrunner\htdocs\bagit\api\get_business_profile.php:25
Stack trace:
#0 F:\localrunner\htdocs\bagit\api\get_business_profile.php(25): PDO->prepare('SELECT id, user...')
#1 {main}
  thrown in F:\localrunner\htdocs\bagit\api\get_business_profile.php on line 25
[08-Aug-2025 20:15:48 Europe/Berlin] PHP Notice:  session_start(): Ignoring session_start() because a session is already active in F:\localrunner\htdocs\bagit\api\get_my_deals.php on line 6
[08-Aug-2025 22:40:43 Europe/Berlin] PHP Notice:  session_start(): Ignoring session_start() because a session is already active in F:\localrunner\htdocs\bagit\api\get_my_deals.php on line 6
[08-Aug-2025 22:40:56 Europe/Berlin] PHP Notice:  session_start(): Ignoring session_start() because a session is already active in F:\localrunner\htdocs\bagit\api\get_business_profile.php on line 11
[08-Aug-2025 22:40:56 Europe/Berlin] PHP Fatal error:  Uncaught PDOException: SQLSTATE[42S22]: Column not found: 1054 Unknown column 'business_logo' in 'field list' in F:\localrunner\htdocs\bagit\api\get_business_profile.php:25
Stack trace:
#0 F:\localrunner\htdocs\bagit\api\get_business_profile.php(25): PDO->prepare('SELECT id, user...')
#1 {main}
  thrown in F:\localrunner\htdocs\bagit\api\get_business_profile.php on line 25
[08-Aug-2025 22:46:37 Europe/Berlin] PHP Notice:  session_start(): Ignoring session_start() because a session is already active in F:\localrunner\htdocs\bagit\api\get_business_profile.php on line 11
[08-Aug-2025 22:46:37 Europe/Berlin] PHP Fatal error:  Uncaught PDOException: SQLSTATE[42S22]: Column not found: 1054 Unknown column 'business_logo' in 'field list' in F:\localrunner\htdocs\bagit\api\get_business_profile.php:25
Stack trace:
#0 F:\localrunner\htdocs\bagit\api\get_business_profile.php(25): PDO->prepare('SELECT id, user...')
#1 {main}
  thrown in F:\localrunner\htdocs\bagit\api\get_business_profile.php on line 25
[08-Aug-2025 22:52:37 Europe/Berlin] PHP Notice:  session_start(): Ignoring session_start() because a session is already active in F:\localrunner\htdocs\bagit\api\get_my_deals.php on line 6
[08-Aug-2025 22:57:40 Europe/Berlin] PHP Notice:  session_start(): Ignoring session_start() because a session is already active in F:\localrunner\htdocs\bagit\api\get_business_profile.php on line 11
[08-Aug-2025 22:57:40 Europe/Berlin] PHP Fatal error:  Uncaught PDOException: SQLSTATE[42S22]: Column not found: 1054 Unknown column 'business_logo' in 'field list' in F:\localrunner\htdocs\bagit\api\get_business_profile.php:25
Stack trace:
#0 F:\localrunner\htdocs\bagit\api\get_business_profile.php(25): PDO->prepare('SELECT id, user...')
#1 {main}
  thrown in F:\localrunner\htdocs\bagit\api\get_business_profile.php on line 25
[09-Aug-2025 01:43:51 Europe/Berlin] PHP Notice:  session_start(): Ignoring session_start() because a session is already active in F:\localrunner\htdocs\bagit\api\get_my_deals.php on line 6
[09-Aug-2025 01:51:56 Europe/Berlin] PHP Notice:  session_start(): Ignoring session_start() because a session is already active in F:\localrunner\htdocs\bagit\api\get_my_deals.php on line 6
[09-Aug-2025 02:00:53 Europe/Berlin] PHP Notice:  session_start(): Ignoring session_start() because a session is already active in F:\localrunner\htdocs\bagit\api\mute_user.php on line 10
[09-Aug-2025 02:00:54 Europe/Berlin] PHP Notice:  session_start(): Ignoring session_start() because a session is already active in F:\localrunner\htdocs\bagit\api\mute_user.php on line 10
[09-Aug-2025 02:15:24 Europe/Berlin] PHP Notice:  session_start(): Ignoring session_start() because a session is already active in F:\localrunner\htdocs\bagit\api\get_my_deals.php on line 6
[09-Aug-2025 02:15:35 Europe/Berlin] PHP Notice:  session_start(): Ignoring session_start() because a session is already active in F:\localrunner\htdocs\bagit\api\get_my_deals.php on line 6
[09-Aug-2025 02:18:36 Europe/Berlin] PHP Notice:  session_start(): Ignoring session_start() because a session is already active in F:\localrunner\htdocs\bagit\api\get_my_deals.php on line 6
[09-Aug-2025 02:20:34 Europe/Berlin] PHP Notice:  session_start(): Ignoring session_start() because a session is already active in F:\localrunner\htdocs\bagit\api\get_business_profile.php on line 11
[09-Aug-2025 02:20:34 Europe/Berlin] PHP Fatal error:  Uncaught PDOException: SQLSTATE[42S22]: Column not found: 1054 Unknown column 'business_logo' in 'field list' in F:\localrunner\htdocs\bagit\api\get_business_profile.php:25
Stack trace:
#0 F:\localrunner\htdocs\bagit\api\get_business_profile.php(25): PDO->prepare('SELECT id, user...')
#1 {main}
  thrown in F:\localrunner\htdocs\bagit\api\get_business_profile.php on line 25
[09-Aug-2025 05:55:58 Europe/Berlin] PHP Notice:  session_start(): Ignoring session_start() because a session is already active in F:\localrunner\htdocs\bagit\api\get_my_deals.php on line 6
[09-Aug-2025 06:42:03 Europe/Berlin] PHP Notice:  session_start(): Ignoring session_start() because a session is already active in F:\localrunner\htdocs\bagit\api\get_my_deals.php on line 6
